<?xml version="1.0" encoding="UTF-8"?>
<!-- Generated by org.testng.reporters.JUnitReportReporter -->
<testsuite hostname="LAPTOP-669LVGAV" failures="0" tests="5" name="test.Contacttest" time="143.632" errors="0" timestamp="2023-08-10T12:34:10 IST" skipped="0">
  <testcase classname="test.Contacttest" name="test1" time="14.668"/>
  <system-out/>
  <testcase classname="test.Contacttest" name="test2" time="28.029"/>
  <system-out/>
  <testcase classname="test.Contacttest" name="test3" time="25.648"/>
  <system-out/>
  <testcase classname="test.Contacttest" name="test4" time="10.225"/>
  <system-out/>
  <testcase classname="test.Contacttest" name="test5" time="65.062"/>
  <system-out/>
</testsuite> <!-- test.Contacttest -->
